<?xml version="1.0" encoding="UTF-8"?>
<!-- Generated by org.testng.reporters.JUnitXMLReporter -->
<testsuite ignored="0" hostname="DESKTOP-LDIQIRD" failures="0" tests="1" name="Test" time="155.53" errors="0" timestamp="2022-05-28T14:24:17 IST">
  <testcase classname="test_package.NewTest" name="@BeforeClass browserLaunch" time="152.241">
    <failure type="java.lang.IllegalStateException" message="The driver executable must exist: F:\webdriver\edge driver.exe">
      <![CDATA[java.lang.IllegalStateException: The driver executable must exist: F:\webdriver\edge driver.exe
at org.openqa.selenium.internal.Require$FileStateChecker.isFile(Require.java:342)
at org.openqa.selenium.remote.service.DriverService.checkExecutable(DriverService.java:147)
at org.openqa.selenium.remote.service.DriverService.findExecutable(DriverService.java:142)
at org.openqa.selenium.edge.EdgeDriverService.access$000(EdgeDriverService.java:40)
at org.openqa.selenium.edge.EdgeDriverService$Builder.findDefaultExecutable(EdgeDriverService.java:171)
at org.openqa.selenium.remote.service.DriverService$Builder.build(DriverService.java:437)
at org.openqa.selenium.edge.EdgeDriver.<init>(EdgeDriver.java:44)
at org.openqa.selenium.edge.EdgeDriver.<init>(EdgeDriver.java:41)
at base_package.Brouser_setup.CrossBrowser(Brouser_setup.java:37)
at test_package.NewTest.browserLaunch(NewTest.java:15)
at java.base/java.util.ArrayList.forEach(ArrayList.java:1541)
at java.base/java.util.concurrent.FutureTask.run(FutureTask.java:264)
at java.base/java.util.concurrent.ThreadPoolExecutor.runWorker(ThreadPoolExecutor.java:1128)
at java.base/java.util.concurrent.ThreadPoolExecutor$Worker.run(ThreadPoolExecutor.java:628)
at java.base/java.lang.Thread.run(Thread.java:834)
... Removed 16 stack frames]]>
    </failure>
  </testcase> <!-- @BeforeClass browserLaunch -->
  <testcase classname="test_package.NewTest" name="@BeforeClass browserLaunch" time="152.212">
    <failure type="java.lang.IllegalStateException" message="The driver executable must exist: F:\webdriver\edge driver.exe">
      <![CDATA[java.lang.IllegalStateException: The driver executable must exist: F:\webdriver\edge driver.exe
at org.openqa.selenium.internal.Require$FileStateChecker.isFile(Require.java:342)
at org.openqa.selenium.remote.service.DriverService.checkExecutable(DriverService.java:147)
at org.openqa.selenium.remote.service.DriverService.findExecutable(DriverService.java:142)
at org.openqa.selenium.edge.EdgeDriverService.access$000(EdgeDriverService.java:40)
at org.openqa.selenium.edge.EdgeDriverService$Builder.findDefaultExecutable(EdgeDriverService.java:171)
at org.openqa.selenium.remote.service.DriverService$Builder.build(DriverService.java:437)
at org.openqa.selenium.edge.EdgeDriver.<init>(EdgeDriver.java:44)
at org.openqa.selenium.edge.EdgeDriver.<init>(EdgeDriver.java:41)
at base_package.Brouser_setup.CrossBrowser(Brouser_setup.java:37)
at test_package.NewTest.browserLaunch(NewTest.java:15)
at java.base/java.util.ArrayList.forEach(ArrayList.java:1541)
at java.base/java.util.concurrent.FutureTask.run(FutureTask.java:264)
at java.base/java.util.concurrent.ThreadPoolExecutor.runWorker(ThreadPoolExecutor.java:1128)
at java.base/java.util.concurrent.ThreadPoolExecutor$Worker.run(ThreadPoolExecutor.java:628)
at java.base/java.lang.Thread.run(Thread.java:834)
... Removed 16 stack frames]]>
    </failure>
  </testcase> <!-- @BeforeClass browserLaunch -->
  <testcase classname="test_package.NewTest" name="f" time="0.0">
    <skipped/>
  </testcase> <!-- f -->
</testsuite> <!-- Test -->
