<?xml version="1.0" encoding="UTF-8"?>
<!-- Generated by org.testng.reporters.JUnitXMLReporter -->
<testsuite ignored="0" hostname="DESKTOP-LDIQIRD" failures="0" tests="8" name="grouping" time="0.191" errors="0" timestamp="2022-03-22T12:35:30 IST">
  <testcase classname="test_suite.Grouping" name="a" time="0.02"/>
  <testcase classname="test_suite.Grouping" name="b" time="0.002"/>
  <testcase classname="test_suite.Grouping" name="c" time="0.008"/>
  <testcase classname="test_suite.Grouping" name="d" time="0.009"/>
  <testcase classname="test_suite.Grouping" name="e" time="0.004"/>
  <testcase classname="test_suite.Grouping" name="f" time="0.009"/>
  <testcase classname="test_suite.Grouping" name="x" time="0.002"/>
  <testcase classname="test_suite.Grouping" name="y" time="0.002"/>
</testsuite> <!-- grouping -->
