<?xml version="1.0" encoding="UTF-8"?>
<!-- Generated by org.testng.reporters.JUnitXMLReporter -->
<testsuite ignored="2" hostname="DESKTOP-LDIQIRD" failures="0" tests="3" name="multi_class" time="0.133" errors="0" timestamp="2022-03-22T11:55:54 IST">
  <testcase classname="test_suite.Include_study" name="a" time="0.026"/>
  <testcase classname="test_suite.Include_study" name="c" time="0.002"/>
  <testcase classname="test_suite.Exclude_study" name="x" time="0.003"/>
  <testcase classname="test_suite.Include_study" name="b" time="0.0">
    <ignored/>
  </testcase> <!-- b -->
  <testcase classname="test_suite.Exclude_study" name="y" time="0.0">
    <ignored/>
  </testcase> <!-- y -->
</testsuite> <!-- multi_class -->
