<?xml version="1.0" encoding="UTF-8"?>
<!-- Generated by org.testng.reporters.JUnitXMLReporter -->
<testsuite hostname="DESKTOP-LDIQIRD" failures="0" tests="3" name="Test" time="41.382" errors="0" timestamp="4 May 2022 08:30:51 GMT">
  <testcase classname="herokuapproject_TestClass.Challenging_DOM" name="handle_dom_data" time="0.761"/>
  <testcase classname="herokuapproject_TestClass.test_Brokenimages" name="selenium_broken_image_approach_1" time="2.865"/>
  <testcase classname="herokuapproject_TestClass.test_Brokenimages" name="selenium_broken_image_approach_2" time="0.045"/>
</testsuite> <!-- Test -->
