<?xml version="1.0" encoding="UTF-8"?>
<testng-results ignored="0" total="1" passed="1" failed="0" skipped="0">
  <reporter-output>
  </reporter-output>
  <suite started-at="2022-04-25T19:45:06 IST" name="Default suite" finished-at="2022-04-25T19:45:11 IST" duration-ms="5460">
    <groups>
    </groups>
    <test started-at="2022-04-25T19:45:06 IST" name="Default test" finished-at="2022-04-25T19:45:11 IST" duration-ms="5460">
      <class name="getRequest.Get_Data">
        <test-method signature="testResponseCode()[pri:0, instance:getRequest.Get_Data@32ee6fee]" started-at="2022-04-25T19:45:06 IST" name="testResponseCode" finished-at="2022-04-25T19:45:11 IST" duration-ms="5378" status="PASS">
          <reporter-output>
          </reporter-output>
        </test-method> <!-- testResponseCode -->
      </class> <!-- getRequest.Get_Data -->
    </test> <!-- Default test -->
  </suite> <!-- Default suite -->
</testng-results>
