<?xml version="1.0" encoding="UTF-8"?>
<!-- Generated by org.testng.reporters.JUnitXMLReporter -->
<testsuite ignored="2" hostname="DESKTOP-LDIQIRD" failures="1" tests="1" name="Test(failed)" time="0.243" errors="0" timestamp="2022-03-22T12:52:55 IST">
  <testcase classname="test_suite.Failed" name="tc6" time="0.141">
    <failure type="org.testng.internal.thread.ThreadTimeoutException" message="Method test_suite.Failed.tc6() didn&amp;apos;t finish within the time-out 100">
      <![CDATA[org.testng.internal.thread.ThreadTimeoutException: Method test_suite.Failed.tc6() didn't finish within the time-out 100
at java.base/java.util.ArrayList.forEach(ArrayList.java:1541)
... Removed 24 stack frames]]>
    </failure>
  </testcase> <!-- tc6 -->
  <testcase classname="test_suite.Failed" name="tc8" time="0.0">
    <ignored/>
  </testcase> <!-- tc8 -->
  <testcase classname="test_suite.Failed" name="tc7" time="0.0">
    <ignored/>
  </testcase> <!-- tc7 -->
</testsuite> <!-- Test(failed) -->
